mode: set
github.com/IBM/ibmcloud-iam-operator/pkg/lib/resource/v1/util.go:29.51,31.2 1 1
github.com/IBM/ibmcloud-iam-operator/pkg/lib/resource/v1/util.go:34.38,36.2 1 0
github.com/IBM/ibmcloud-iam-operator/pkg/lib/resource/v1/util.go:51.45,53.2 1 0
github.com/IBM/ibmcloud-iam-operator/pkg/lib/resource/v1/util.go:55.44,57.2 1 0
github.com/IBM/ibmcloud-iam-operator/pkg/lib/resource/v1/util.go:58.49,60.2 1 0
github.com/IBM/ibmcloud-iam-operator/pkg/lib/resource/v1/util.go:62.46,64.2 1 0
github.com/IBM/ibmcloud-iam-operator/pkg/lib/resource/v1/util.go:66.53,68.2 1 0
github.com/IBM/ibmcloud-iam-operator/pkg/lib/resource/v1/util.go:71.43,73.2 1 0
github.com/IBM/ibmcloud-iam-operator/pkg/lib/resource/v1/util.go:76.98,78.17 2 0
github.com/IBM/ibmcloud-iam-operator/pkg/lib/resource/v1/util.go:83.2,84.12 2 0
github.com/IBM/ibmcloud-iam-operator/pkg/lib/resource/v1/util.go:78.17,80.3 1 0
github.com/IBM/ibmcloud-iam-operator/pkg/lib/resource/v1/util.go:80.8,82.3 1 0
github.com/IBM/ibmcloud-iam-operator/pkg/lib/resource/v1/util.go:88.47,89.72 1 0
github.com/IBM/ibmcloud-iam-operator/pkg/lib/resource/v1/util.go:95.2,95.10 1 0
github.com/IBM/ibmcloud-iam-operator/pkg/lib/resource/v1/util.go:89.72,90.58 1 0
github.com/IBM/ibmcloud-iam-operator/pkg/lib/resource/v1/util.go:90.58,92.4 1 0
github.com/IBM/ibmcloud-iam-operator/pkg/lib/resource/v1/util.go:99.49,100.71 1 0
github.com/IBM/ibmcloud-iam-operator/pkg/lib/resource/v1/util.go:103.2,103.29 1 0
github.com/IBM/ibmcloud-iam-operator/pkg/lib/resource/v1/util.go:100.71,102.3 1 0
github.com/IBM/ibmcloud-iam-operator/pkg/lib/resource/v1/util.go:107.67,108.54 1 0
github.com/IBM/ibmcloud-iam-operator/pkg/lib/resource/v1/util.go:115.2,115.12 1 0
github.com/IBM/ibmcloud-iam-operator/pkg/lib/resource/v1/util.go:108.54,109.40 1 0
github.com/IBM/ibmcloud-iam-operator/pkg/lib/resource/v1/util.go:109.40,110.34 1 0
github.com/IBM/ibmcloud-iam-operator/pkg/lib/resource/v1/util.go:110.34,112.5 1 0
github.com/IBM/ibmcloud-iam-operator/pkg/lib/resource/v1/util.go:120.76,122.66 2 0
github.com/IBM/ibmcloud-iam-operator/pkg/lib/resource/v1/util.go:125.2,127.12 3 0
github.com/IBM/ibmcloud-iam-operator/pkg/lib/resource/v1/util.go:122.66,124.3 1 0
github.com/IBM/ibmcloud-iam-operator/pkg/lib/resource/v1/util.go:131.74,134.2 2 0
github.com/IBM/ibmcloud-iam-operator/pkg/lib/resource/v1/util.go:137.78,139.31 2 0
github.com/IBM/ibmcloud-iam-operator/pkg/lib/resource/v1/util.go:145.2,145.22 1 0
github.com/IBM/ibmcloud-iam-operator/pkg/lib/resource/v1/util.go:139.31,140.25 1 0
github.com/IBM/ibmcloud-iam-operator/pkg/lib/resource/v1/util.go:143.3,143.43 1 0
github.com/IBM/ibmcloud-iam-operator/pkg/lib/resource/v1/util.go:140.25,141.12 1 0
github.com/IBM/ibmcloud-iam-operator/pkg/lib/resource/v1/zz_generated.deepcopy.go:27.51,31.2 3 0
github.com/IBM/ibmcloud-iam-operator/pkg/lib/resource/v1/zz_generated.deepcopy.go:34.44,35.15 1 0
github.com/IBM/ibmcloud-iam-operator/pkg/lib/resource/v1/zz_generated.deepcopy.go:38.2,40.12 3 0
github.com/IBM/ibmcloud-iam-operator/pkg/lib/resource/v1/zz_generated.deepcopy.go:35.15,37.3 1 0
github.com/IBM/ibmcloud-iam-operator/pkg/lib/resource/v1/zz_generated.deepcopy.go:44.49,48.2 3 0
github.com/IBM/ibmcloud-iam-operator/pkg/lib/resource/v1/zz_generated.deepcopy.go:51.42,52.15 1 0
github.com/IBM/ibmcloud-iam-operator/pkg/lib/resource/v1/zz_generated.deepcopy.go:55.2,57.12 3 0
github.com/IBM/ibmcloud-iam-operator/pkg/lib/resource/v1/zz_generated.deepcopy.go:52.15,54.3 1 0
github.com/IBM/ibmcloud-iam-operator/pkg/lib/resource/v1/zz_generated.deepcopy.go:61.53,62.34 1 0
github.com/IBM/ibmcloud-iam-operator/pkg/lib/resource/v1/zz_generated.deepcopy.go:65.2,65.12 1 0
github.com/IBM/ibmcloud-iam-operator/pkg/lib/resource/v1/zz_generated.deepcopy.go:62.34,64.3 1 0
github.com/IBM/ibmcloud-iam-operator/pkg/lib/resource/v1/zz_generated.deepcopy.go:69.57,74.2 4 0
github.com/IBM/ibmcloud-iam-operator/pkg/lib/resource/v1/zz_generated.deepcopy.go:77.50,78.15 1 0
github.com/IBM/ibmcloud-iam-operator/pkg/lib/resource/v1/zz_generated.deepcopy.go:81.2,83.12 3 0
github.com/IBM/ibmcloud-iam-operator/pkg/lib/resource/v1/zz_generated.deepcopy.go:78.15,80.3 1 0
github.com/IBM/ibmcloud-iam-operator/pkg/lib/resource/v1/zz_generated.deepcopy.go:87.57,88.34 1 0
github.com/IBM/ibmcloud-iam-operator/pkg/lib/resource/v1/zz_generated.deepcopy.go:91.2,91.12 1 0
github.com/IBM/ibmcloud-iam-operator/pkg/lib/resource/v1/zz_generated.deepcopy.go:88.34,90.3 1 0
github.com/IBM/ibmcloud-iam-operator/pkg/lib/resource/v1/zz_generated.deepcopy.go:95.61,98.2 2 0
github.com/IBM/ibmcloud-iam-operator/pkg/lib/resource/v1/zz_generated.deepcopy.go:101.54,102.15 1 0
github.com/IBM/ibmcloud-iam-operator/pkg/lib/resource/v1/zz_generated.deepcopy.go:105.2,107.12 3 0
github.com/IBM/ibmcloud-iam-operator/pkg/lib/resource/v1/zz_generated.deepcopy.go:102.15,104.3 1 0
github.com/IBM/ibmcloud-iam-operator/pkg/lib/resource/v1/zz_generated.deepcopy.go:111.41,114.2 2 0
github.com/IBM/ibmcloud-iam-operator/pkg/lib/resource/v1/zz_generated.deepcopy.go:117.34,118.15 1 0
github.com/IBM/ibmcloud-iam-operator/pkg/lib/resource/v1/zz_generated.deepcopy.go:121.2,123.12 3 0
github.com/IBM/ibmcloud-iam-operator/pkg/lib/resource/v1/zz_generated.deepcopy.go:118.15,120.3 1 0
github.com/IBM/ibmcloud-iam-operator/pkg/lib/resource/v1/composite.go:30.116,34.35 3 0
github.com/IBM/ibmcloud-iam-operator/pkg/lib/resource/v1/composite.go:41.2,41.12 1 0
github.com/IBM/ibmcloud-iam-operator/pkg/lib/resource/v1/composite.go:34.35,36.49 2 0
github.com/IBM/ibmcloud-iam-operator/pkg/lib/resource/v1/composite.go:36.49,39.4 2 0
github.com/IBM/ibmcloud-iam-operator/pkg/lib/resource/v1/composite.go:45.94,49.34 3 0
github.com/IBM/ibmcloud-iam-operator/pkg/lib/resource/v1/composite.go:56.2,56.12 1 0
github.com/IBM/ibmcloud-iam-operator/pkg/lib/resource/v1/composite.go:49.34,51.55 2 0
github.com/IBM/ibmcloud-iam-operator/pkg/lib/resource/v1/composite.go:51.55,54.4 2 0
github.com/IBM/ibmcloud-iam-operator/pkg/lib/resource/v1/crud.go:29.65,30.63 1 0
github.com/IBM/ibmcloud-iam-operator/pkg/lib/resource/v1/crud.go:34.2,34.34 1 0
github.com/IBM/ibmcloud-iam-operator/pkg/lib/resource/v1/crud.go:30.63,32.3 1 0
github.com/IBM/ibmcloud-iam-operator/pkg/lib/resource/v1/crud.go:38.71,39.63 1 0
github.com/IBM/ibmcloud-iam-operator/pkg/lib/resource/v1/crud.go:43.2,43.34 1 0
github.com/IBM/ibmcloud-iam-operator/pkg/lib/resource/v1/crud.go:39.63,41.3 1 0
github.com/IBM/ibmcloud-iam-operator/pkg/lib/resource/v1/crud.go:47.70,52.16 5 0
github.com/IBM/ibmcloud-iam-operator/pkg/lib/resource/v1/crud.go:55.2,55.12 1 0
github.com/IBM/ibmcloud-iam-operator/pkg/lib/resource/v1/crud.go:52.16,54.3 1 0
github.com/IBM/ibmcloud-iam-operator/pkg/lib/resource/v1/finalizer.go:25.60,26.29 1 0
github.com/IBM/ibmcloud-iam-operator/pkg/lib/resource/v1/finalizer.go:29.2,30.13 2 0
github.com/IBM/ibmcloud-iam-operator/pkg/lib/resource/v1/finalizer.go:26.29,28.3 1 0
github.com/IBM/ibmcloud-iam-operator/pkg/lib/resource/v1/finalizer.go:33.67,36.2 2 0
github.com/IBM/ibmcloud-iam-operator/pkg/lib/resource/v1/finalizer.go:40.60,41.30 1 1
github.com/IBM/ibmcloud-iam-operator/pkg/lib/resource/v1/finalizer.go:45.2,46.60 2 1
github.com/IBM/ibmcloud-iam-operator/pkg/lib/resource/v1/finalizer.go:52.2,53.13 2 1
github.com/IBM/ibmcloud-iam-operator/pkg/lib/resource/v1/finalizer.go:41.30,43.3 1 1
github.com/IBM/ibmcloud-iam-operator/pkg/lib/resource/v1/finalizer.go:46.60,47.24 1 1
github.com/IBM/ibmcloud-iam-operator/pkg/lib/resource/v1/finalizer.go:47.24,49.4 1 0
github.com/IBM/ibmcloud-iam-operator/pkg/lib/resource/v1/finalizer.go:57.57,59.39 2 1
github.com/IBM/ibmcloud-iam-operator/pkg/lib/resource/v1/finalizer.go:64.2,64.14 1 1
github.com/IBM/ibmcloud-iam-operator/pkg/lib/resource/v1/finalizer.go:59.39,60.24 1 1
github.com/IBM/ibmcloud-iam-operator/pkg/lib/resource/v1/finalizer.go:60.24,62.4 1 1
github.com/IBM/ibmcloud-iam-operator/pkg/apis/ibmcloud/v1alpha1/accessgroup_types.go:51.48,53.2 1 0
github.com/IBM/ibmcloud-iam-operator/pkg/apis/ibmcloud/v1alpha1/accessgroup_types.go:55.13,57.2 1 1
github.com/IBM/ibmcloud-iam-operator/pkg/apis/ibmcloud/v1alpha1/accesspolicy_types.go:82.49,84.2 1 0
github.com/IBM/ibmcloud-iam-operator/pkg/apis/ibmcloud/v1alpha1/accesspolicy_types.go:86.13,88.2 1 1
github.com/IBM/ibmcloud-iam-operator/pkg/apis/ibmcloud/v1alpha1/customrole_types.go:54.47,56.2 1 0
github.com/IBM/ibmcloud-iam-operator/pkg/apis/ibmcloud/v1alpha1/customrole_types.go:58.13,60.2 1 1
github.com/IBM/ibmcloud-iam-operator/pkg/apis/ibmcloud/v1alpha1/zz_generated.deepcopy.go:27.55,34.2 6 1
github.com/IBM/ibmcloud-iam-operator/pkg/apis/ibmcloud/v1alpha1/zz_generated.deepcopy.go:37.48,38.15 1 1
github.com/IBM/ibmcloud-iam-operator/pkg/apis/ibmcloud/v1alpha1/zz_generated.deepcopy.go:41.2,43.12 3 1
github.com/IBM/ibmcloud-iam-operator/pkg/apis/ibmcloud/v1alpha1/zz_generated.deepcopy.go:38.15,40.3 1 0
github.com/IBM/ibmcloud-iam-operator/pkg/apis/ibmcloud/v1alpha1/zz_generated.deepcopy.go:47.56,48.34 1 0
github.com/IBM/ibmcloud-iam-operator/pkg/apis/ibmcloud/v1alpha1/zz_generated.deepcopy.go:51.2,51.12 1 0
github.com/IBM/ibmcloud-iam-operator/pkg/apis/ibmcloud/v1alpha1/zz_generated.deepcopy.go:48.34,50.3 1 0
github.com/IBM/ibmcloud-iam-operator/pkg/apis/ibmcloud/v1alpha1/zz_generated.deepcopy.go:55.61,58.2 2 0
github.com/IBM/ibmcloud-iam-operator/pkg/apis/ibmcloud/v1alpha1/zz_generated.deepcopy.go:61.54,62.15 1 0
github.com/IBM/ibmcloud-iam-operator/pkg/apis/ibmcloud/v1alpha1/zz_generated.deepcopy.go:65.2,67.12 3 0
github.com/IBM/ibmcloud-iam-operator/pkg/apis/ibmcloud/v1alpha1/zz_generated.deepcopy.go:62.15,64.3 1 0
github.com/IBM/ibmcloud-iam-operator/pkg/apis/ibmcloud/v1alpha1/zz_generated.deepcopy.go:71.63,75.21 4 0
github.com/IBM/ibmcloud-iam-operator/pkg/apis/ibmcloud/v1alpha1/zz_generated.deepcopy.go:82.2,82.8 1 0
github.com/IBM/ibmcloud-iam-operator/pkg/apis/ibmcloud/v1alpha1/zz_generated.deepcopy.go:75.21,78.22 3 0
github.com/IBM/ibmcloud-iam-operator/pkg/apis/ibmcloud/v1alpha1/zz_generated.deepcopy.go:78.22,80.4 1 0
github.com/IBM/ibmcloud-iam-operator/pkg/apis/ibmcloud/v1alpha1/zz_generated.deepcopy.go:86.56,87.15 1 0
github.com/IBM/ibmcloud-iam-operator/pkg/apis/ibmcloud/v1alpha1/zz_generated.deepcopy.go:90.2,92.12 3 0
github.com/IBM/ibmcloud-iam-operator/pkg/apis/ibmcloud/v1alpha1/zz_generated.deepcopy.go:87.15,89.3 1 0
github.com/IBM/ibmcloud-iam-operator/pkg/apis/ibmcloud/v1alpha1/zz_generated.deepcopy.go:96.60,97.34 1 0
github.com/IBM/ibmcloud-iam-operator/pkg/apis/ibmcloud/v1alpha1/zz_generated.deepcopy.go:100.2,100.12 1 0
github.com/IBM/ibmcloud-iam-operator/pkg/apis/ibmcloud/v1alpha1/zz_generated.deepcopy.go:97.34,99.3 1 0
github.com/IBM/ibmcloud-iam-operator/pkg/apis/ibmcloud/v1alpha1/zz_generated.deepcopy.go:104.63,106.26 2 1
github.com/IBM/ibmcloud-iam-operator/pkg/apis/ibmcloud/v1alpha1/zz_generated.deepcopy.go:111.2,111.26 1 1
github.com/IBM/ibmcloud-iam-operator/pkg/apis/ibmcloud/v1alpha1/zz_generated.deepcopy.go:116.2,116.8 1 1
github.com/IBM/ibmcloud-iam-operator/pkg/apis/ibmcloud/v1alpha1/zz_generated.deepcopy.go:106.26,110.3 3 1
github.com/IBM/ibmcloud-iam-operator/pkg/apis/ibmcloud/v1alpha1/zz_generated.deepcopy.go:111.26,115.3 3 1
github.com/IBM/ibmcloud-iam-operator/pkg/apis/ibmcloud/v1alpha1/zz_generated.deepcopy.go:120.56,121.15 1 0
github.com/IBM/ibmcloud-iam-operator/pkg/apis/ibmcloud/v1alpha1/zz_generated.deepcopy.go:124.2,126.12 3 0
github.com/IBM/ibmcloud-iam-operator/pkg/apis/ibmcloud/v1alpha1/zz_generated.deepcopy.go:121.15,123.3 1 0
github.com/IBM/ibmcloud-iam-operator/pkg/apis/ibmcloud/v1alpha1/zz_generated.deepcopy.go:130.67,133.26 3 1
github.com/IBM/ibmcloud-iam-operator/pkg/apis/ibmcloud/v1alpha1/zz_generated.deepcopy.go:138.2,138.26 1 1
github.com/IBM/ibmcloud-iam-operator/pkg/apis/ibmcloud/v1alpha1/zz_generated.deepcopy.go:143.2,143.8 1 1
github.com/IBM/ibmcloud-iam-operator/pkg/apis/ibmcloud/v1alpha1/zz_generated.deepcopy.go:133.26,137.3 3 0
github.com/IBM/ibmcloud-iam-operator/pkg/apis/ibmcloud/v1alpha1/zz_generated.deepcopy.go:138.26,142.3 3 0
github.com/IBM/ibmcloud-iam-operator/pkg/apis/ibmcloud/v1alpha1/zz_generated.deepcopy.go:147.60,148.15 1 0
github.com/IBM/ibmcloud-iam-operator/pkg/apis/ibmcloud/v1alpha1/zz_generated.deepcopy.go:151.2,153.12 3 0
github.com/IBM/ibmcloud-iam-operator/pkg/apis/ibmcloud/v1alpha1/zz_generated.deepcopy.go:148.15,150.3 1 0
github.com/IBM/ibmcloud-iam-operator/pkg/apis/ibmcloud/v1alpha1/zz_generated.deepcopy.go:157.57,164.2 6 1
github.com/IBM/ibmcloud-iam-operator/pkg/apis/ibmcloud/v1alpha1/zz_generated.deepcopy.go:167.50,168.15 1 1
github.com/IBM/ibmcloud-iam-operator/pkg/apis/ibmcloud/v1alpha1/zz_generated.deepcopy.go:171.2,173.12 3 1
github.com/IBM/ibmcloud-iam-operator/pkg/apis/ibmcloud/v1alpha1/zz_generated.deepcopy.go:168.15,170.3 1 0
github.com/IBM/ibmcloud-iam-operator/pkg/apis/ibmcloud/v1alpha1/zz_generated.deepcopy.go:177.57,178.34 1 0
github.com/IBM/ibmcloud-iam-operator/pkg/apis/ibmcloud/v1alpha1/zz_generated.deepcopy.go:181.2,181.12 1 0
github.com/IBM/ibmcloud-iam-operator/pkg/apis/ibmcloud/v1alpha1/zz_generated.deepcopy.go:178.34,180.3 1 0
github.com/IBM/ibmcloud-iam-operator/pkg/apis/ibmcloud/v1alpha1/zz_generated.deepcopy.go:185.65,189.21 4 0
github.com/IBM/ibmcloud-iam-operator/pkg/apis/ibmcloud/v1alpha1/zz_generated.deepcopy.go:196.2,196.8 1 0
github.com/IBM/ibmcloud-iam-operator/pkg/apis/ibmcloud/v1alpha1/zz_generated.deepcopy.go:189.21,192.22 3 0
github.com/IBM/ibmcloud-iam-operator/pkg/apis/ibmcloud/v1alpha1/zz_generated.deepcopy.go:192.22,194.4 1 0
github.com/IBM/ibmcloud-iam-operator/pkg/apis/ibmcloud/v1alpha1/zz_generated.deepcopy.go:200.58,201.15 1 0
github.com/IBM/ibmcloud-iam-operator/pkg/apis/ibmcloud/v1alpha1/zz_generated.deepcopy.go:204.2,206.12 3 0
github.com/IBM/ibmcloud-iam-operator/pkg/apis/ibmcloud/v1alpha1/zz_generated.deepcopy.go:201.15,203.3 1 0
github.com/IBM/ibmcloud-iam-operator/pkg/apis/ibmcloud/v1alpha1/zz_generated.deepcopy.go:210.61,211.34 1 0
github.com/IBM/ibmcloud-iam-operator/pkg/apis/ibmcloud/v1alpha1/zz_generated.deepcopy.go:214.2,214.12 1 0
github.com/IBM/ibmcloud-iam-operator/pkg/apis/ibmcloud/v1alpha1/zz_generated.deepcopy.go:211.34,213.3 1 0
github.com/IBM/ibmcloud-iam-operator/pkg/apis/ibmcloud/v1alpha1/zz_generated.deepcopy.go:218.65,224.2 5 1
github.com/IBM/ibmcloud-iam-operator/pkg/apis/ibmcloud/v1alpha1/zz_generated.deepcopy.go:227.58,228.15 1 0
github.com/IBM/ibmcloud-iam-operator/pkg/apis/ibmcloud/v1alpha1/zz_generated.deepcopy.go:231.2,233.12 3 0
github.com/IBM/ibmcloud-iam-operator/pkg/apis/ibmcloud/v1alpha1/zz_generated.deepcopy.go:228.15,230.3 1 0
github.com/IBM/ibmcloud-iam-operator/pkg/apis/ibmcloud/v1alpha1/zz_generated.deepcopy.go:237.69,244.2 6 1
github.com/IBM/ibmcloud-iam-operator/pkg/apis/ibmcloud/v1alpha1/zz_generated.deepcopy.go:247.62,248.15 1 0
github.com/IBM/ibmcloud-iam-operator/pkg/apis/ibmcloud/v1alpha1/zz_generated.deepcopy.go:251.2,253.12 3 0
github.com/IBM/ibmcloud-iam-operator/pkg/apis/ibmcloud/v1alpha1/zz_generated.deepcopy.go:248.15,250.3 1 0
github.com/IBM/ibmcloud-iam-operator/pkg/apis/ibmcloud/v1alpha1/zz_generated.deepcopy.go:257.53,264.2 6 1
github.com/IBM/ibmcloud-iam-operator/pkg/apis/ibmcloud/v1alpha1/zz_generated.deepcopy.go:267.46,268.15 1 1
github.com/IBM/ibmcloud-iam-operator/pkg/apis/ibmcloud/v1alpha1/zz_generated.deepcopy.go:271.2,273.12 3 1
github.com/IBM/ibmcloud-iam-operator/pkg/apis/ibmcloud/v1alpha1/zz_generated.deepcopy.go:268.15,270.3 1 0
github.com/IBM/ibmcloud-iam-operator/pkg/apis/ibmcloud/v1alpha1/zz_generated.deepcopy.go:277.55,278.34 1 0
github.com/IBM/ibmcloud-iam-operator/pkg/apis/ibmcloud/v1alpha1/zz_generated.deepcopy.go:281.2,281.12 1 0
github.com/IBM/ibmcloud-iam-operator/pkg/apis/ibmcloud/v1alpha1/zz_generated.deepcopy.go:278.34,280.3 1 0
github.com/IBM/ibmcloud-iam-operator/pkg/apis/ibmcloud/v1alpha1/zz_generated.deepcopy.go:285.61,289.21 4 0
github.com/IBM/ibmcloud-iam-operator/pkg/apis/ibmcloud/v1alpha1/zz_generated.deepcopy.go:296.2,296.8 1 0
github.com/IBM/ibmcloud-iam-operator/pkg/apis/ibmcloud/v1alpha1/zz_generated.deepcopy.go:289.21,292.22 3 0
github.com/IBM/ibmcloud-iam-operator/pkg/apis/ibmcloud/v1alpha1/zz_generated.deepcopy.go:292.22,294.4 1 0
github.com/IBM/ibmcloud-iam-operator/pkg/apis/ibmcloud/v1alpha1/zz_generated.deepcopy.go:300.54,301.15 1 0
github.com/IBM/ibmcloud-iam-operator/pkg/apis/ibmcloud/v1alpha1/zz_generated.deepcopy.go:304.2,306.12 3 0
github.com/IBM/ibmcloud-iam-operator/pkg/apis/ibmcloud/v1alpha1/zz_generated.deepcopy.go:301.15,303.3 1 0
github.com/IBM/ibmcloud-iam-operator/pkg/apis/ibmcloud/v1alpha1/zz_generated.deepcopy.go:310.59,311.34 1 0
github.com/IBM/ibmcloud-iam-operator/pkg/apis/ibmcloud/v1alpha1/zz_generated.deepcopy.go:314.2,314.12 1 0
github.com/IBM/ibmcloud-iam-operator/pkg/apis/ibmcloud/v1alpha1/zz_generated.deepcopy.go:311.34,313.3 1 0
github.com/IBM/ibmcloud-iam-operator/pkg/apis/ibmcloud/v1alpha1/zz_generated.deepcopy.go:318.61,320.23 2 1
github.com/IBM/ibmcloud-iam-operator/pkg/apis/ibmcloud/v1alpha1/zz_generated.deepcopy.go:325.2,325.8 1 1
github.com/IBM/ibmcloud-iam-operator/pkg/apis/ibmcloud/v1alpha1/zz_generated.deepcopy.go:320.23,324.3 3 1
github.com/IBM/ibmcloud-iam-operator/pkg/apis/ibmcloud/v1alpha1/zz_generated.deepcopy.go:329.54,330.15 1 0
github.com/IBM/ibmcloud-iam-operator/pkg/apis/ibmcloud/v1alpha1/zz_generated.deepcopy.go:333.2,335.12 3 0
github.com/IBM/ibmcloud-iam-operator/pkg/apis/ibmcloud/v1alpha1/zz_generated.deepcopy.go:330.15,332.3 1 0
github.com/IBM/ibmcloud-iam-operator/pkg/apis/ibmcloud/v1alpha1/zz_generated.deepcopy.go:339.65,342.23 3 1
github.com/IBM/ibmcloud-iam-operator/pkg/apis/ibmcloud/v1alpha1/zz_generated.deepcopy.go:347.2,347.8 1 1
github.com/IBM/ibmcloud-iam-operator/pkg/apis/ibmcloud/v1alpha1/zz_generated.deepcopy.go:342.23,346.3 3 0
github.com/IBM/ibmcloud-iam-operator/pkg/apis/ibmcloud/v1alpha1/zz_generated.deepcopy.go:351.58,352.15 1 0
github.com/IBM/ibmcloud-iam-operator/pkg/apis/ibmcloud/v1alpha1/zz_generated.deepcopy.go:355.2,357.12 3 0
github.com/IBM/ibmcloud-iam-operator/pkg/apis/ibmcloud/v1alpha1/zz_generated.deepcopy.go:352.15,354.3 1 0
github.com/IBM/ibmcloud-iam-operator/pkg/apis/ibmcloud/v1alpha1/zz_generated.deepcopy.go:361.61,364.2 2 0
github.com/IBM/ibmcloud-iam-operator/pkg/apis/ibmcloud/v1alpha1/zz_generated.deepcopy.go:367.54,368.15 1 0
github.com/IBM/ibmcloud-iam-operator/pkg/apis/ibmcloud/v1alpha1/zz_generated.deepcopy.go:371.2,373.12 3 0
github.com/IBM/ibmcloud-iam-operator/pkg/apis/ibmcloud/v1alpha1/zz_generated.deepcopy.go:368.15,370.3 1 0
github.com/IBM/ibmcloud-iam-operator/pkg/apis/ibmcloud/v1alpha1/zz_generated.deepcopy.go:377.43,379.28 2 1
github.com/IBM/ibmcloud-iam-operator/pkg/apis/ibmcloud/v1alpha1/zz_generated.deepcopy.go:384.2,384.32 1 1
github.com/IBM/ibmcloud-iam-operator/pkg/apis/ibmcloud/v1alpha1/zz_generated.deepcopy.go:389.2,389.30 1 1
github.com/IBM/ibmcloud-iam-operator/pkg/apis/ibmcloud/v1alpha1/zz_generated.deepcopy.go:394.2,394.8 1 1
github.com/IBM/ibmcloud-iam-operator/pkg/apis/ibmcloud/v1alpha1/zz_generated.deepcopy.go:379.28,383.3 3 1
github.com/IBM/ibmcloud-iam-operator/pkg/apis/ibmcloud/v1alpha1/zz_generated.deepcopy.go:384.32,388.3 3 0
github.com/IBM/ibmcloud-iam-operator/pkg/apis/ibmcloud/v1alpha1/zz_generated.deepcopy.go:389.30,393.3 3 0
github.com/IBM/ibmcloud-iam-operator/pkg/apis/ibmcloud/v1alpha1/zz_generated.deepcopy.go:398.36,399.15 1 0
github.com/IBM/ibmcloud-iam-operator/pkg/apis/ibmcloud/v1alpha1/zz_generated.deepcopy.go:402.2,404.12 3 0
github.com/IBM/ibmcloud-iam-operator/pkg/apis/ibmcloud/v1alpha1/zz_generated.deepcopy.go:399.15,401.3 1 0
github.com/IBM/ibmcloud-iam-operator/pkg/apis/ibmcloud/v1alpha1/zz_generated.deepcopy.go:408.47,412.2 3 0
github.com/IBM/ibmcloud-iam-operator/pkg/apis/ibmcloud/v1alpha1/zz_generated.deepcopy.go:415.40,416.15 1 0
github.com/IBM/ibmcloud-iam-operator/pkg/apis/ibmcloud/v1alpha1/zz_generated.deepcopy.go:419.2,421.12 3 0
github.com/IBM/ibmcloud-iam-operator/pkg/apis/ibmcloud/v1alpha1/zz_generated.deepcopy.go:416.15,418.3 1 0
github.com/IBM/ibmcloud-iam-operator/pkg/apis/ibmcloud/v1alpha1/zz_generated.deepcopy.go:425.45,428.2 2 0
github.com/IBM/ibmcloud-iam-operator/pkg/apis/ibmcloud/v1alpha1/zz_generated.deepcopy.go:431.38,432.15 1 0
github.com/IBM/ibmcloud-iam-operator/pkg/apis/ibmcloud/v1alpha1/zz_generated.deepcopy.go:435.2,437.12 3 0
github.com/IBM/ibmcloud-iam-operator/pkg/apis/ibmcloud/v1alpha1/zz_generated.deepcopy.go:432.15,434.3 1 0
github.com/IBM/ibmcloud-iam-operator/pkg/controller/customrole/customrole_controller.go:50.68,51.59 1 1
github.com/IBM/ibmcloud-iam-operator/pkg/controller/customrole/customrole_controller.go:56.2,56.14 1 1
github.com/IBM/ibmcloud-iam-operator/pkg/controller/customrole/customrole_controller.go:51.59,52.55 1 1
github.com/IBM/ibmcloud-iam-operator/pkg/controller/customrole/customrole_controller.go:52.55,54.4 1 1
github.com/IBM/ibmcloud-iam-operator/pkg/controller/customrole/customrole_controller.go:60.70,62.59 2 1
github.com/IBM/ibmcloud-iam-operator/pkg/controller/customrole/customrole_controller.go:68.2,68.15 1 1
github.com/IBM/ibmcloud-iam-operator/pkg/controller/customrole/customrole_controller.go:62.59,63.39 1 1
github.com/IBM/ibmcloud-iam-operator/pkg/controller/customrole/customrole_controller.go:66.3,66.37 1 0
github.com/IBM/ibmcloud-iam-operator/pkg/controller/customrole/customrole_controller.go:63.39,64.12 1 1
github.com/IBM/ibmcloud-iam-operator/pkg/controller/customrole/customrole_controller.go:73.37,75.2 1 0
github.com/IBM/ibmcloud-iam-operator/pkg/controller/customrole/customrole_controller.go:78.62,80.2 1 1
github.com/IBM/ibmcloud-iam-operator/pkg/controller/customrole/customrole_controller.go:83.61,86.16 2 1
github.com/IBM/ibmcloud-iam-operator/pkg/controller/customrole/customrole_controller.go:91.2,92.16 2 1
github.com/IBM/ibmcloud-iam-operator/pkg/controller/customrole/customrole_controller.go:96.2,100.16 2 1
github.com/IBM/ibmcloud-iam-operator/pkg/controller/customrole/customrole_controller.go:104.2,104.12 1 1
github.com/IBM/ibmcloud-iam-operator/pkg/controller/customrole/customrole_controller.go:86.16,88.3 1 0
github.com/IBM/ibmcloud-iam-operator/pkg/controller/customrole/customrole_controller.go:92.16,94.3 1 0
github.com/IBM/ibmcloud-iam-operator/pkg/controller/customrole/customrole_controller.go:100.16,102.3 1 0
github.com/IBM/ibmcloud-iam-operator/pkg/controller/customrole/customrole_controller.go:123.94,130.16 5 1
github.com/IBM/ibmcloud-iam-operator/pkg/controller/customrole/customrole_controller.go:144.2,144.77 1 1
github.com/IBM/ibmcloud-iam-operator/pkg/controller/customrole/customrole_controller.go:154.2,154.30 1 1
github.com/IBM/ibmcloud-iam-operator/pkg/controller/customrole/customrole_controller.go:176.2,176.36 1 1
github.com/IBM/ibmcloud-iam-operator/pkg/controller/customrole/customrole_controller.go:186.2,187.16 2 1
github.com/IBM/ibmcloud-iam-operator/pkg/controller/customrole/customrole_controller.go:207.2,210.16 3 1
github.com/IBM/ibmcloud-iam-operator/pkg/controller/customrole/customrole_controller.go:214.2,217.53 2 1
github.com/IBM/ibmcloud-iam-operator/pkg/controller/customrole/customrole_controller.go:258.2,258.26 1 1
github.com/IBM/ibmcloud-iam-operator/pkg/controller/customrole/customrole_controller.go:336.2,336.71 1 1
github.com/IBM/ibmcloud-iam-operator/pkg/controller/customrole/customrole_controller.go:130.16,131.29 1 1
github.com/IBM/ibmcloud-iam-operator/pkg/controller/customrole/customrole_controller.go:139.3,140.33 2 0
github.com/IBM/ibmcloud-iam-operator/pkg/controller/customrole/customrole_controller.go:131.29,137.4 2 1
github.com/IBM/ibmcloud-iam-operator/pkg/controller/customrole/customrole_controller.go:144.77,147.82 3 1
github.com/IBM/ibmcloud-iam-operator/pkg/controller/customrole/customrole_controller.go:147.82,150.4 2 0
github.com/IBM/ibmcloud-iam-operator/pkg/controller/customrole/customrole_controller.go:154.30,155.54 1 0
github.com/IBM/ibmcloud-iam-operator/pkg/controller/customrole/customrole_controller.go:164.3,164.40 1 0
github.com/IBM/ibmcloud-iam-operator/pkg/controller/customrole/customrole_controller.go:172.3,172.72 1 0
github.com/IBM/ibmcloud-iam-operator/pkg/controller/customrole/customrole_controller.go:155.54,158.74 2 0
github.com/IBM/ibmcloud-iam-operator/pkg/controller/customrole/customrole_controller.go:162.4,162.34 1 0
github.com/IBM/ibmcloud-iam-operator/pkg/controller/customrole/customrole_controller.go:158.74,161.5 1 0
github.com/IBM/ibmcloud-iam-operator/pkg/controller/customrole/customrole_controller.go:164.40,167.83 3 0
github.com/IBM/ibmcloud-iam-operator/pkg/controller/customrole/customrole_controller.go:167.83,170.5 2 0
github.com/IBM/ibmcloud-iam-operator/pkg/controller/customrole/customrole_controller.go:176.36,180.73 4 0
github.com/IBM/ibmcloud-iam-operator/pkg/controller/customrole/customrole_controller.go:180.73,183.4 2 0
github.com/IBM/ibmcloud-iam-operator/pkg/controller/customrole/customrole_controller.go:187.16,189.54 2 0
github.com/IBM/ibmcloud-iam-operator/pkg/controller/customrole/customrole_controller.go:198.3,200.82 3 0
github.com/IBM/ibmcloud-iam-operator/pkg/controller/customrole/customrole_controller.go:204.3,204.33 1 0
github.com/IBM/ibmcloud-iam-operator/pkg/controller/customrole/customrole_controller.go:189.54,192.74 2 0
github.com/IBM/ibmcloud-iam-operator/pkg/controller/customrole/customrole_controller.go:196.4,196.34 1 0
github.com/IBM/ibmcloud-iam-operator/pkg/controller/customrole/customrole_controller.go:192.74,195.5 1 0
github.com/IBM/ibmcloud-iam-operator/pkg/controller/customrole/customrole_controller.go:200.82,203.4 2 0
github.com/IBM/ibmcloud-iam-operator/pkg/controller/customrole/customrole_controller.go:210.16,213.3 2 0
github.com/IBM/ibmcloud-iam-operator/pkg/controller/customrole/customrole_controller.go:217.53,219.35 1 1
github.com/IBM/ibmcloud-iam-operator/pkg/controller/customrole/customrole_controller.go:219.35,221.74 2 1
github.com/IBM/ibmcloud-iam-operator/pkg/controller/customrole/customrole_controller.go:221.74,224.5 2 0
github.com/IBM/ibmcloud-iam-operator/pkg/controller/customrole/customrole_controller.go:226.8,228.34 1 1
github.com/IBM/ibmcloud-iam-operator/pkg/controller/customrole/customrole_controller.go:228.34,229.28 1 1
github.com/IBM/ibmcloud-iam-operator/pkg/controller/customrole/customrole_controller.go:249.4,250.74 2 1
github.com/IBM/ibmcloud-iam-operator/pkg/controller/customrole/customrole_controller.go:254.4,254.34 1 1
github.com/IBM/ibmcloud-iam-operator/pkg/controller/customrole/customrole_controller.go:229.28,231.19 2 1
github.com/IBM/ibmcloud-iam-operator/pkg/controller/customrole/customrole_controller.go:237.5,238.43 2 1
github.com/IBM/ibmcloud-iam-operator/pkg/controller/customrole/customrole_controller.go:231.19,232.53 1 0
github.com/IBM/ibmcloud-iam-operator/pkg/controller/customrole/customrole_controller.go:232.53,235.7 2 0
github.com/IBM/ibmcloud-iam-operator/pkg/controller/customrole/customrole_controller.go:238.43,242.76 4 1
github.com/IBM/ibmcloud-iam-operator/pkg/controller/customrole/customrole_controller.go:242.76,245.7 2 0
github.com/IBM/ibmcloud-iam-operator/pkg/controller/customrole/customrole_controller.go:250.74,253.5 2 0
github.com/IBM/ibmcloud-iam-operator/pkg/controller/customrole/customrole_controller.go:258.26,260.17 2 1
github.com/IBM/ibmcloud-iam-operator/pkg/controller/customrole/customrole_controller.go:272.3,272.77 1 1
github.com/IBM/ibmcloud-iam-operator/pkg/controller/customrole/customrole_controller.go:260.17,265.83 5 0
github.com/IBM/ibmcloud-iam-operator/pkg/controller/customrole/customrole_controller.go:269.4,269.73 1 0
github.com/IBM/ibmcloud-iam-operator/pkg/controller/customrole/customrole_controller.go:265.83,268.5 2 0
github.com/IBM/ibmcloud-iam-operator/pkg/controller/customrole/customrole_controller.go:272.77,274.18 2 0
github.com/IBM/ibmcloud-iam-operator/pkg/controller/customrole/customrole_controller.go:285.4,294.83 9 0
github.com/IBM/ibmcloud-iam-operator/pkg/controller/customrole/customrole_controller.go:274.18,278.84 4 0
github.com/IBM/ibmcloud-iam-operator/pkg/controller/customrole/customrole_controller.go:283.5,283.35 1 0
github.com/IBM/ibmcloud-iam-operator/pkg/controller/customrole/customrole_controller.go:278.84,282.6 2 0
github.com/IBM/ibmcloud-iam-operator/pkg/controller/customrole/customrole_controller.go:294.83,298.5 2 0
github.com/IBM/ibmcloud-iam-operator/pkg/controller/customrole/customrole_controller.go:300.8,302.17 2 1
github.com/IBM/ibmcloud-iam-operator/pkg/controller/customrole/customrole_controller.go:312.3,323.82 11 1
github.com/IBM/ibmcloud-iam-operator/pkg/controller/customrole/customrole_controller.go:302.17,306.83 4 1
github.com/IBM/ibmcloud-iam-operator/pkg/controller/customrole/customrole_controller.go:310.4,310.34 1 1
github.com/IBM/ibmcloud-iam-operator/pkg/controller/customrole/customrole_controller.go:306.83,309.5 2 1
github.com/IBM/ibmcloud-iam-operator/pkg/controller/customrole/customrole_controller.go:323.82,326.19 3 0
github.com/IBM/ibmcloud-iam-operator/pkg/controller/customrole/customrole_controller.go:332.4,333.34 2 0
github.com/IBM/ibmcloud-iam-operator/pkg/controller/customrole/customrole_controller.go:326.19,327.53 1 0
github.com/IBM/ibmcloud-iam-operator/pkg/controller/customrole/customrole_controller.go:327.53,330.6 2 0
github.com/IBM/ibmcloud-iam-operator/pkg/controller/customrole/customrole_controller.go:339.91,341.95 2 1
github.com/IBM/ibmcloud-iam-operator/pkg/controller/customrole/customrole_controller.go:346.2,346.81 1 1
github.com/IBM/ibmcloud-iam-operator/pkg/controller/customrole/customrole_controller.go:351.2,351.87 1 1
github.com/IBM/ibmcloud-iam-operator/pkg/controller/customrole/customrole_controller.go:357.2,357.14 1 1
github.com/IBM/ibmcloud-iam-operator/pkg/controller/customrole/customrole_controller.go:341.95,344.3 2 0
github.com/IBM/ibmcloud-iam-operator/pkg/controller/customrole/customrole_controller.go:346.81,349.3 2 0
github.com/IBM/ibmcloud-iam-operator/pkg/controller/customrole/customrole_controller.go:351.87,354.3 2 0
github.com/IBM/ibmcloud-iam-operator/pkg/controller/customrole/customrole_controller.go:360.69,361.77 1 1
github.com/IBM/ibmcloud-iam-operator/pkg/controller/customrole/customrole_controller.go:365.2,365.34 1 1
github.com/IBM/ibmcloud-iam-operator/pkg/controller/customrole/customrole_controller.go:369.2,369.79 1 1
github.com/IBM/ibmcloud-iam-operator/pkg/controller/customrole/customrole_controller.go:374.2,374.79 1 1
github.com/IBM/ibmcloud-iam-operator/pkg/controller/customrole/customrole_controller.go:379.2,379.71 1 1
github.com/IBM/ibmcloud-iam-operator/pkg/controller/customrole/customrole_controller.go:385.2,385.14 1 1
github.com/IBM/ibmcloud-iam-operator/pkg/controller/customrole/customrole_controller.go:361.77,363.3 1 0
github.com/IBM/ibmcloud-iam-operator/pkg/controller/customrole/customrole_controller.go:365.34,367.3 1 0
github.com/IBM/ibmcloud-iam-operator/pkg/controller/customrole/customrole_controller.go:369.79,372.3 2 0
github.com/IBM/ibmcloud-iam-operator/pkg/controller/customrole/customrole_controller.go:374.79,377.3 2 0
github.com/IBM/ibmcloud-iam-operator/pkg/controller/customrole/customrole_controller.go:379.71,382.3 2 0
github.com/IBM/ibmcloud-iam-operator/pkg/controller/customrole/customrole_controller.go:388.71,389.79 1 1
github.com/IBM/ibmcloud-iam-operator/pkg/controller/customrole/customrole_controller.go:393.2,393.34 1 1
github.com/IBM/ibmcloud-iam-operator/pkg/controller/customrole/customrole_controller.go:397.2,397.73 1 1
github.com/IBM/ibmcloud-iam-operator/pkg/controller/customrole/customrole_controller.go:402.2,402.81 1 1
github.com/IBM/ibmcloud-iam-operator/pkg/controller/customrole/customrole_controller.go:407.2,407.14 1 1
github.com/IBM/ibmcloud-iam-operator/pkg/controller/customrole/customrole_controller.go:389.79,391.3 1 0
github.com/IBM/ibmcloud-iam-operator/pkg/controller/customrole/customrole_controller.go:393.34,395.3 1 1
github.com/IBM/ibmcloud-iam-operator/pkg/controller/customrole/customrole_controller.go:397.73,400.3 2 0
github.com/IBM/ibmcloud-iam-operator/pkg/controller/customrole/customrole_controller.go:402.81,405.3 2 0
github.com/IBM/ibmcloud-iam-operator/pkg/controller/customrole/customrole_controller.go:410.155,422.16 4 1
github.com/IBM/ibmcloud-iam-operator/pkg/controller/customrole/customrole_controller.go:426.2,426.35 1 1
github.com/IBM/ibmcloud-iam-operator/pkg/controller/customrole/customrole_controller.go:432.2,433.16 2 1
github.com/IBM/ibmcloud-iam-operator/pkg/controller/customrole/customrole_controller.go:437.2,437.25 1 1
github.com/IBM/ibmcloud-iam-operator/pkg/controller/customrole/customrole_controller.go:422.16,424.3 1 0
github.com/IBM/ibmcloud-iam-operator/pkg/controller/customrole/customrole_controller.go:426.35,427.61 1 1
github.com/IBM/ibmcloud-iam-operator/pkg/controller/customrole/customrole_controller.go:427.61,429.4 1 1
github.com/IBM/ibmcloud-iam-operator/pkg/controller/customrole/customrole_controller.go:433.16,435.3 1 1
github.com/IBM/ibmcloud-iam-operator/pkg/controller/customrole/customrole_controller.go:440.138,450.16 5 0
github.com/IBM/ibmcloud-iam-operator/pkg/controller/customrole/customrole_controller.go:454.2,454.26 1 0
github.com/IBM/ibmcloud-iam-operator/pkg/controller/customrole/customrole_controller.go:450.16,452.3 1 0
github.com/IBM/ibmcloud-iam-operator/pkg/controller/customrole/customrole_controller.go:457.91,459.16 2 1
github.com/IBM/ibmcloud-iam-operator/pkg/controller/customrole/customrole_controller.go:463.2,463.12 1 1
github.com/IBM/ibmcloud-iam-operator/pkg/controller/customrole/customrole_controller.go:459.16,461.3 1 0
github.com/IBM/ibmcloud-iam-operator/pkg/controller/customrole/customrole_controller.go:466.62,467.34 1 1
github.com/IBM/ibmcloud-iam-operator/pkg/controller/customrole/customrole_controller.go:470.2,470.13 1 1
github.com/IBM/ibmcloud-iam-operator/pkg/controller/customrole/customrole_controller.go:467.34,469.3 1 0
